<?xml version="1.0" encoding="UTF-8"?>
<!-- Generated by org.testng.reporters.JUnitReportReporter -->
<testsuite hostname="DESKTOP-B3FMG3K" failures="0" tests="1" name="example.AppTest" time="17.422" errors="0" timestamp="2024-04-30T23:05:56 EEST" skipped="0">
  <testcase classname="example.AppTest" name="Testing" time="17.422"/>
</testsuite> <!-- example.AppTest -->
